<?xml version="1.0" encoding="UTF-8"?>
<!-- Generated by org.testng.reporters.JUnitReportReporter -->
<testsuite hostname="ANIL" failures="0" tests="1" name="futuretrend.alltest.LoginTest" time="14.149" errors="0" timestamp="2023-05-13T15:33:00 IST" skipped="0">
  <testcase classname="futuretrend.alltest.LoginTest" name="loginCase" time="14.149"/>
  <system-out/>
</testsuite> <!-- futuretrend.alltest.LoginTest -->
