<?xml version="1.0" encoding="UTF-8"?>
<!-- Generated by org.testng.reporters.JUnitReportReporter -->
<testsuite hostname="ANIL" failures="0" tests="1" name="futuretrend.alltest.LoginTest" time="13.941" errors="0" timestamp="2023-05-13T18:48:20 IST" skipped="0">
  <testcase classname="futuretrend.alltest.LoginTest" name="loginCase" time="13.941"/>
  <system-out/>
</testsuite> <!-- futuretrend.alltest.LoginTest -->
